Running: C:\Xilinx\14.5\ISE_DS\ISE\bin\nt\unwrapped\fuse.exe -intstyle ise -incremental -o F:/FromDiskG/6th semester/ES/Light/light1_ob_isim_beh.exe -prj F:/FromDiskG/6th semester/ES/Light/light1_ob_beh.prj work.light1_ob 
ISim P.58f (signature 0x8ef4fb42)
Number of CPUs detected in this system: 4
Turning on mult-threading, number of parallel sub-compilation jobs: 8 
Determining compilation order of HDL files
Parsing VHDL file "F:/FromDiskG/6th semester/ES/Light/Light.vhd" into library work
Parsing VHDL file "F:/FromDiskG/6th semester/ES/Light/light1_ob.vhd" into library work
Starting static elaboration
Completed static elaboration
Fuse Memory Usage: 197572 KB
Fuse CPU Usage: 343 ms
Compiling package standard
Compiling package std_logic_1164
Compiling package std_logic_arith
Compiling package std_logic_unsigned
Compiling architecture behavioral of entity Light [light_default]
Compiling architecture behavior of entity light1_ob
Time Resolution for simulation is 1ps.
Waiting for 1 sub-compilation(s) to finish...
Compiled 7 VHDL Units
Built simulation executable F:/FromDiskG/6th semester/ES/Light/light1_ob_isim_beh.exe
Fuse Memory Usage: 212452 KB
Fuse CPU Usage: 484 ms
